#! /usr/bin/vvp
:ivl_version "11.0 (stable)" "(v11_0)";
:ivl_delay_selection "TYPICAL";
:vpi_time_precision + 0;
:vpi_module "/usr/lib/ivl/system.vpi";
:vpi_module "/usr/lib/ivl/vhdl_sys.vpi";
:vpi_module "/usr/lib/ivl/vhdl_textio.vpi";
:vpi_module "/usr/lib/ivl/v2005_math.vpi";
:vpi_module "/usr/lib/ivl/va_math.vpi";
S_0x55956c7e34c0 .scope module, "disp_tb" "disp_tb" 2 1;
 .timescale 0 0;
L_0x55956c82fbe0 .functor NOT 7, v0x55956c7e3eb0_0, C4<0000000>, C4<0000000>, C4<0000000>;
v0x55956c82f880_0 .var "i", 3 0;
v0x55956c82f960_0 .var "in", 3 0;
v0x55956c82fa20_0 .net "o", 0 6, L_0x55956c82fbe0;  1 drivers
v0x55956c82faf0_0 .net "out", 0 6, v0x55956c7e3eb0_0;  1 drivers
S_0x55956c7e3020 .scope module, "test" "bcd_to_dis" 2 8, 3 1 0, S_0x55956c7e34c0;
 .timescale 0 0;
    .port_info 0 /INPUT 4 "in";
    .port_info 1 /OUTPUT 7 "disp";
v0x55956c7e3eb0_0 .var "disp", 0 6;
v0x55956c82f740_0 .net "in", 3 0, v0x55956c82f960_0;  1 drivers
E_0x55956c81d7a0 .event edge, v0x55956c82f740_0;
    .scope S_0x55956c7e3020;
T_0 ;
    %wait E_0x55956c81d7a0;
    %load/vec4 v0x55956c82f740_0;
    %dup/vec4;
    %pushi/vec4 0, 0, 4;
    %cmp/u;
    %jmp/1 T_0.0, 6;
    %dup/vec4;
    %pushi/vec4 1, 0, 4;
    %cmp/u;
    %jmp/1 T_0.1, 6;
    %dup/vec4;
    %pushi/vec4 2, 0, 4;
    %cmp/u;
    %jmp/1 T_0.2, 6;
    %dup/vec4;
    %pushi/vec4 3, 0, 4;
    %cmp/u;
    %jmp/1 T_0.3, 6;
    %dup/vec4;
    %pushi/vec4 4, 0, 4;
    %cmp/u;
    %jmp/1 T_0.4, 6;
    %dup/vec4;
    %pushi/vec4 5, 0, 4;
    %cmp/u;
    %jmp/1 T_0.5, 6;
    %dup/vec4;
    %pushi/vec4 6, 0, 4;
    %cmp/u;
    %jmp/1 T_0.6, 6;
    %dup/vec4;
    %pushi/vec4 7, 0, 4;
    %cmp/u;
    %jmp/1 T_0.7, 6;
    %dup/vec4;
    %pushi/vec4 8, 0, 4;
    %cmp/u;
    %jmp/1 T_0.8, 6;
    %dup/vec4;
    %pushi/vec4 9, 0, 4;
    %cmp/u;
    %jmp/1 T_0.9, 6;
    %pushi/vec4 127, 0, 7;
    %store/vec4 v0x55956c7e3eb0_0, 0, 7;
    %jmp T_0.11;
T_0.0 ;
    %pushi/vec4 1, 0, 7;
    %store/vec4 v0x55956c7e3eb0_0, 0, 7;
    %jmp T_0.11;
T_0.1 ;
    %pushi/vec4 79, 0, 7;
    %store/vec4 v0x55956c7e3eb0_0, 0, 7;
    %jmp T_0.11;
T_0.2 ;
    %pushi/vec4 18, 0, 7;
    %store/vec4 v0x55956c7e3eb0_0, 0, 7;
    %jmp T_0.11;
T_0.3 ;
    %pushi/vec4 6, 0, 7;
    %store/vec4 v0x55956c7e3eb0_0, 0, 7;
    %jmp T_0.11;
T_0.4 ;
    %pushi/vec4 76, 0, 7;
    %store/vec4 v0x55956c7e3eb0_0, 0, 7;
    %jmp T_0.11;
T_0.5 ;
    %pushi/vec4 36, 0, 7;
    %store/vec4 v0x55956c7e3eb0_0, 0, 7;
    %jmp T_0.11;
T_0.6 ;
    %pushi/vec4 32, 0, 7;
    %store/vec4 v0x55956c7e3eb0_0, 0, 7;
    %jmp T_0.11;
T_0.7 ;
    %pushi/vec4 15, 0, 7;
    %store/vec4 v0x55956c7e3eb0_0, 0, 7;
    %jmp T_0.11;
T_0.8 ;
    %pushi/vec4 0, 0, 7;
    %store/vec4 v0x55956c7e3eb0_0, 0, 7;
    %jmp T_0.11;
T_0.9 ;
    %pushi/vec4 4, 0, 7;
    %store/vec4 v0x55956c7e3eb0_0, 0, 7;
    %jmp T_0.11;
T_0.11 ;
    %pop/vec4 1;
    %jmp T_0;
    .thread T_0, $push;
    .scope S_0x55956c7e34c0;
T_1 ;
    %pushi/vec4 0, 0, 4;
    %store/vec4 v0x55956c82f960_0, 0, 4;
    %pushi/vec4 0, 0, 4;
    %store/vec4 v0x55956c82f880_0, 0, 4;
T_1.0 ;
    %load/vec4 v0x55956c82f880_0;
    %pad/u 32;
    %cmpi/u 8, 0, 32;
    %flag_or 5, 4;
    %jmp/0xz T_1.1, 5;
    %delay 10, 0;
    %load/vec4 v0x55956c82f960_0;
    %addi 1, 0, 4;
    %store/vec4 v0x55956c82f960_0, 0, 4;
    %load/vec4 v0x55956c82f880_0;
    %addi 1, 0, 4;
    %store/vec4 v0x55956c82f880_0, 0, 4;
    %jmp T_1.0;
T_1.1 ;
    %end;
    .thread T_1;
    .scope S_0x55956c7e34c0;
T_2 ;
    %vpi_call 2 18 "$monitor", "%d %d  %d", v0x55956c82f960_0, v0x55956c82faf0_0, v0x55956c82fa20_0 {0 0 0};
    %end;
    .thread T_2;
# The file index is used to find the file name in the following table.
:file_names 4;
    "N/A";
    "<interactive>";
    "disp_tb.v";
    "bcd_to_dis.v";
